2019-05-25 14:03:06,007 [DEBUG] SingleClientConnManager:210 - Get connection for route {}->http://sw-center.st.com:80
2019-05-25 14:03:06,133 [DEBUG] DefaultClientConnectionOperator:177 - Connecting to sw-center.st.com:80
2019-05-25 14:03:06,172 [DEBUG] RequestAddCookies:123 - CookieSpec selected: default
2019-05-25 14:03:06,174 [DEBUG] RequestAuthCache:77 - Auth cache not set in the context
2019-05-25 14:03:06,174 [DEBUG] RequestTargetAuthentication:80 - Target auth state: UNCHALLENGED
2019-05-25 14:03:06,174 [DEBUG] RequestProxyAuthentication:89 - Proxy auth state: UNCHALLENGED
2019-05-25 14:03:06,175 [DEBUG] SNIAwareHttpClient:682 - Attempt 1 to execute request
2019-05-25 14:03:06,179 [DEBUG] DefaultClientConnection:274 - Sending request: GET /stm32cubeide/updatesite1/p2.index HTTP/1.1
2019-05-25 14:03:06,180 [DEBUG] wire:73 -  >> "GET /stm32cubeide/updatesite1/p2.index HTTP/1.1[\r][\n]"
2019-05-25 14:03:06,181 [DEBUG] wire:73 -  >> "Cache-Control: max-age=0[\r][\n]"
2019-05-25 14:03:06,181 [DEBUG] wire:73 -  >> "User-Agent: p2/1.2.100.v20180822-1354 (Java 1.8.0_202-b08 AdoptOpenJdk; Windows10 10.0.0 x86-64; en_US) com.st.stm32cube.ide.mcu.rcp.product/unknownBuildId (org.eclipse.ui.ide.workbench)[\r][\n]"
2019-05-25 14:03:06,182 [DEBUG] wire:73 -  >> "Host: sw-center.st.com[\r][\n]"
2019-05-25 14:03:06,182 [DEBUG] wire:73 -  >> "Connection: Keep-Alive[\r][\n]"
2019-05-25 14:03:06,182 [DEBUG] wire:73 -  >> "Accept-Encoding: gzip,deflate[\r][\n]"
2019-05-25 14:03:06,182 [DEBUG] wire:73 -  >> "[\r][\n]"
2019-05-25 14:03:06,183 [DEBUG] headers:278 - >> GET /stm32cubeide/updatesite1/p2.index HTTP/1.1
2019-05-25 14:03:06,183 [DEBUG] headers:281 - >> Cache-Control: max-age=0
2019-05-25 14:03:06,183 [DEBUG] headers:281 - >> User-Agent: p2/1.2.100.v20180822-1354 (Java 1.8.0_202-b08 AdoptOpenJdk; Windows10 10.0.0 x86-64; en_US) com.st.stm32cube.ide.mcu.rcp.product/unknownBuildId (org.eclipse.ui.ide.workbench)
2019-05-25 14:03:06,183 [DEBUG] headers:281 - >> Host: sw-center.st.com
2019-05-25 14:03:06,184 [DEBUG] headers:281 - >> Connection: Keep-Alive
2019-05-25 14:03:06,184 [DEBUG] headers:281 - >> Accept-Encoding: gzip,deflate
2019-05-25 14:03:06,345 [DEBUG] wire:73 -  << "HTTP/1.1 404 Not Found[\r][\n]"
2019-05-25 14:03:06,346 [DEBUG] wire:73 -  << "Date: Sat, 25 May 2019 21:03:07 GMT[\r][\n]"
2019-05-25 14:03:06,346 [DEBUG] wire:73 -  << "Server: PWS/8.3.2.1[\r][\n]"
2019-05-25 14:03:06,347 [DEBUG] wire:73 -  << "X-Px: ms h0-s4005.p12-sjc ( h0-s4008.p12-sjc), ms h0-s4008.p12-sjc ( h0-s4006.p6-lhr), ht h0-s4006.p6-lhr.cdngp.net[\r][\n]"
2019-05-25 14:03:06,347 [DEBUG] wire:73 -  << "Age: 363[\r][\n]"
2019-05-25 14:03:06,347 [DEBUG] wire:73 -  << "Cache-Control: max-age=600[\r][\n]"
2019-05-25 14:03:06,347 [DEBUG] wire:73 -  << "Expires: Sat, 25 May 2019 21:07:04 GMT[\r][\n]"
2019-05-25 14:03:06,347 [DEBUG] wire:73 -  << "Content-Length: 368[\r][\n]"
2019-05-25 14:03:06,347 [DEBUG] wire:73 -  << "Content-Type: text/html; charset=utf-8[\r][\n]"
2019-05-25 14:03:06,348 [DEBUG] wire:73 -  << "x-amz-id-2: CNQM1LpnRopXQPjpTHaCoOtkgpULyH1Ug+/VJvJ4he5SgZf4vWiNZfeF5T2guZTfrulf1VxPQAk=[\r][\n]"
2019-05-25 14:03:06,348 [DEBUG] wire:73 -  << "x-amz-request-id: C9A217CC5D33139A[\r][\n]"
2019-05-25 14:03:06,348 [DEBUG] wire:73 -  << "Connection: keep-alive[\r][\n]"
2019-05-25 14:03:06,348 [DEBUG] wire:73 -  << "[\r][\n]"
2019-05-25 14:03:06,349 [DEBUG] DefaultClientConnection:259 - Receiving response: HTTP/1.1 404 Not Found
2019-05-25 14:03:06,349 [DEBUG] headers:262 - << HTTP/1.1 404 Not Found
2019-05-25 14:03:06,349 [DEBUG] headers:265 - << Date: Sat, 25 May 2019 21:03:07 GMT
2019-05-25 14:03:06,349 [DEBUG] headers:265 - << Server: PWS/8.3.2.1
2019-05-25 14:03:06,349 [DEBUG] headers:265 - << X-Px: ms h0-s4005.p12-sjc ( h0-s4008.p12-sjc), ms h0-s4008.p12-sjc ( h0-s4006.p6-lhr), ht h0-s4006.p6-lhr.cdngp.net
2019-05-25 14:03:06,349 [DEBUG] headers:265 - << Age: 363
2019-05-25 14:03:06,350 [DEBUG] headers:265 - << Cache-Control: max-age=600
2019-05-25 14:03:06,350 [DEBUG] headers:265 - << Expires: Sat, 25 May 2019 21:07:04 GMT
2019-05-25 14:03:06,350 [DEBUG] headers:265 - << Content-Length: 368
2019-05-25 14:03:06,350 [DEBUG] headers:265 - << Content-Type: text/html; charset=utf-8
2019-05-25 14:03:06,350 [DEBUG] headers:265 - << x-amz-id-2: CNQM1LpnRopXQPjpTHaCoOtkgpULyH1Ug+/VJvJ4he5SgZf4vWiNZfeF5T2guZTfrulf1VxPQAk=
2019-05-25 14:03:06,350 [DEBUG] headers:265 - << x-amz-request-id: C9A217CC5D33139A
2019-05-25 14:03:06,351 [DEBUG] headers:265 - << Connection: keep-alive
2019-05-25 14:03:06,353 [DEBUG] SNIAwareHttpClient:509 - Connection can be kept alive indefinitely
2019-05-25 14:03:06,359 [DEBUG] wire:73 -  << "<html>[\n]"
2019-05-25 14:03:06,360 [DEBUG] wire:73 -  << "<head><title>404 Not Found</title></head>[\n]"
2019-05-25 14:03:06,360 [DEBUG] wire:73 -  << "<body>[\n]"
2019-05-25 14:03:06,360 [DEBUG] wire:73 -  << "<h1>404 Not Found</h1>[\n]"
2019-05-25 14:03:06,360 [DEBUG] wire:73 -  << "<ul>[\n]"
2019-05-25 14:03:06,360 [DEBUG] wire:73 -  << "<li>Code: NoSuchKey</li>[\n]"
2019-05-25 14:03:06,360 [DEBUG] wire:73 -  << "<li>Message: The specified key does not exist.</li>[\n]"
2019-05-25 14:03:06,360 [DEBUG] wire:73 -  << "<li>Key: stm32cubeide/updatesite1/p2.index</li>[\n]"
2019-05-25 14:03:06,361 [DEBUG] wire:73 -  << "<li>RequestId: C9A217CC5D33139A</li>[\n]"
2019-05-25 14:03:06,361 [DEBUG] wire:73 -  << "<li>HostId: CNQM1LpnRopXQPjpTHaCoOtkgpULyH1Ug+/VJvJ4he5SgZf4vWiNZfeF5T2guZTfrulf1VxPQAk=</li>[\n]"
2019-05-25 14:03:06,361 [DEBUG] wire:73 -  << "</ul>[\n]"
2019-05-25 14:03:06,361 [DEBUG] wire:73 -  << "<hr/>[\n]"
2019-05-25 14:03:06,361 [DEBUG] wire:73 -  << "</body>[\n]"
2019-05-25 14:03:06,361 [DEBUG] wire:73 -  << "</html>[\n]"
2019-05-25 14:03:06,362 [DEBUG] SingleClientConnManager:265 - Releasing connection org.apache.http.impl.conn.SingleClientConnManager$ConnAdapter@7c0afe04
2019-05-25 14:03:06,382 [DEBUG] BasicClientConnectionManager:161 - Get connection for route {}->http://sw-center.st.com:80
2019-05-25 14:03:06,384 [DEBUG] DefaultClientConnectionOperator:177 - Connecting to sw-center.st.com:80
2019-05-25 14:03:06,396 [DEBUG] RequestAddCookies:123 - CookieSpec selected: default
2019-05-25 14:03:06,397 [DEBUG] RequestAuthCache:77 - Auth cache not set in the context
2019-05-25 14:03:06,397 [DEBUG] RequestTargetAuthentication:80 - Target auth state: UNCHALLENGED
2019-05-25 14:03:06,397 [DEBUG] RequestProxyAuthentication:89 - Proxy auth state: UNCHALLENGED
2019-05-25 14:03:06,397 [DEBUG] SNIAwareHttpClient:682 - Attempt 1 to execute request
2019-05-25 14:03:06,398 [DEBUG] DefaultClientConnection:274 - Sending request: HEAD /stm32cubeide/updatesite1/compositeContent.jar HTTP/1.1
2019-05-25 14:03:06,398 [DEBUG] wire:73 -  >> "HEAD /stm32cubeide/updatesite1/compositeContent.jar HTTP/1.1[\r][\n]"
2019-05-25 14:03:06,398 [DEBUG] wire:73 -  >> "Cache-Control: max-age=0[\r][\n]"
2019-05-25 14:03:06,398 [DEBUG] wire:73 -  >> "Host: sw-center.st.com[\r][\n]"
2019-05-25 14:03:06,398 [DEBUG] wire:73 -  >> "Connection: Keep-Alive[\r][\n]"
2019-05-25 14:03:06,398 [DEBUG] wire:73 -  >> "User-Agent: Apache-HttpClient/4.5.5 (Java/1.8.0_202)[\r][\n]"
2019-05-25 14:03:06,398 [DEBUG] wire:73 -  >> "[\r][\n]"
2019-05-25 14:03:06,399 [DEBUG] headers:278 - >> HEAD /stm32cubeide/updatesite1/compositeContent.jar HTTP/1.1
2019-05-25 14:03:06,399 [DEBUG] headers:281 - >> Cache-Control: max-age=0
2019-05-25 14:03:06,399 [DEBUG] headers:281 - >> Host: sw-center.st.com
2019-05-25 14:03:06,399 [DEBUG] headers:281 - >> Connection: Keep-Alive
2019-05-25 14:03:06,399 [DEBUG] headers:281 - >> User-Agent: Apache-HttpClient/4.5.5 (Java/1.8.0_202)
2019-05-25 14:03:06,553 [DEBUG] wire:73 -  << "HTTP/1.1 404 Not Found[\r][\n]"
2019-05-25 14:03:06,553 [DEBUG] wire:73 -  << "Date: Sat, 25 May 2019 21:03:08 GMT[\r][\n]"
2019-05-25 14:03:06,553 [DEBUG] wire:73 -  << "Server: PWS/8.3.2.1[\r][\n]"
2019-05-25 14:03:06,553 [DEBUG] wire:73 -  << "X-Px: ms h0-s4005.p12-sjc ( h0-s4004.p12-sjc), ms h0-s4004.p12-sjc ( h0-s4008.p6-lhr), ht h0-s4008.p6-lhr.cdngp.net[\r][\n]"
2019-05-25 14:03:06,553 [DEBUG] wire:73 -  << "Age: 182[\r][\n]"
2019-05-25 14:03:06,554 [DEBUG] wire:73 -  << "Cache-Control: max-age=600[\r][\n]"
2019-05-25 14:03:06,554 [DEBUG] wire:73 -  << "Expires: Sat, 25 May 2019 21:10:06 GMT[\r][\n]"
2019-05-25 14:03:06,554 [DEBUG] wire:73 -  << "Content-Length: 380[\r][\n]"
2019-05-25 14:03:06,554 [DEBUG] wire:73 -  << "Content-Type: text/html; charset=utf-8[\r][\n]"
2019-05-25 14:03:06,554 [DEBUG] wire:73 -  << "x-amz-id-2: 3EIEFzxY3NwhODjtyHPrD9VBbMeGkROQt2ltg3JsG+kIeEIfP/EL6NiH92iQrM2htE10Q/AOgtI=[\r][\n]"
2019-05-25 14:03:06,554 [DEBUG] wire:73 -  << "x-amz-request-id: 21E9D859E7C6B089[\r][\n]"
2019-05-25 14:03:06,554 [DEBUG] wire:73 -  << "Connection: keep-alive[\r][\n]"
2019-05-25 14:03:06,555 [DEBUG] wire:73 -  << "[\r][\n]"
2019-05-25 14:03:06,555 [DEBUG] DefaultClientConnection:259 - Receiving response: HTTP/1.1 404 Not Found
2019-05-25 14:03:06,555 [DEBUG] headers:262 - << HTTP/1.1 404 Not Found
2019-05-25 14:03:06,555 [DEBUG] headers:265 - << Date: Sat, 25 May 2019 21:03:08 GMT
2019-05-25 14:03:06,555 [DEBUG] headers:265 - << Server: PWS/8.3.2.1
2019-05-25 14:03:06,555 [DEBUG] headers:265 - << X-Px: ms h0-s4005.p12-sjc ( h0-s4004.p12-sjc), ms h0-s4004.p12-sjc ( h0-s4008.p6-lhr), ht h0-s4008.p6-lhr.cdngp.net
2019-05-25 14:03:06,555 [DEBUG] headers:265 - << Age: 182
2019-05-25 14:03:06,555 [DEBUG] headers:265 - << Cache-Control: max-age=600
2019-05-25 14:03:06,555 [DEBUG] headers:265 - << Expires: Sat, 25 May 2019 21:10:06 GMT
2019-05-25 14:03:06,555 [DEBUG] headers:265 - << Content-Length: 380
2019-05-25 14:03:06,556 [DEBUG] headers:265 - << Content-Type: text/html; charset=utf-8
2019-05-25 14:03:06,556 [DEBUG] headers:265 - << x-amz-id-2: 3EIEFzxY3NwhODjtyHPrD9VBbMeGkROQt2ltg3JsG+kIeEIfP/EL6NiH92iQrM2htE10Q/AOgtI=
2019-05-25 14:03:06,556 [DEBUG] headers:265 - << x-amz-request-id: 21E9D859E7C6B089
2019-05-25 14:03:06,556 [DEBUG] headers:265 - << Connection: keep-alive
2019-05-25 14:03:06,556 [DEBUG] SNIAwareHttpClient:509 - Connection can be kept alive indefinitely
2019-05-25 14:03:06,556 [DEBUG] BasicClientConnectionManager:200 - Releasing connection org.apache.http.impl.conn.ManagedClientConnectionImpl@4eceb114
2019-05-25 14:03:06,556 [DEBUG] BasicClientConnectionManager:225 - Connection can be kept alive indefinitely
2019-05-25 14:03:06,560 [DEBUG] BasicClientConnectionManager:161 - Get connection for route {}->http://sw-center.st.com:80
2019-05-25 14:03:06,561 [DEBUG] DefaultClientConnectionOperator:177 - Connecting to sw-center.st.com:80
2019-05-25 14:03:06,575 [DEBUG] RequestAddCookies:123 - CookieSpec selected: default
2019-05-25 14:03:06,576 [DEBUG] RequestAuthCache:77 - Auth cache not set in the context
2019-05-25 14:03:06,576 [DEBUG] RequestTargetAuthentication:80 - Target auth state: UNCHALLENGED
2019-05-25 14:03:06,576 [DEBUG] RequestProxyAuthentication:89 - Proxy auth state: UNCHALLENGED
2019-05-25 14:03:06,576 [DEBUG] SNIAwareHttpClient:682 - Attempt 1 to execute request
2019-05-25 14:03:06,576 [DEBUG] DefaultClientConnection:274 - Sending request: HEAD /stm32cubeide/updatesite1/compositeContent.xml HTTP/1.1
2019-05-25 14:03:06,576 [DEBUG] wire:73 -  >> "HEAD /stm32cubeide/updatesite1/compositeContent.xml HTTP/1.1[\r][\n]"
2019-05-25 14:03:06,576 [DEBUG] wire:73 -  >> "Cache-Control: max-age=0[\r][\n]"
2019-05-25 14:03:06,576 [DEBUG] wire:73 -  >> "Host: sw-center.st.com[\r][\n]"
2019-05-25 14:03:06,577 [DEBUG] wire:73 -  >> "Connection: Keep-Alive[\r][\n]"
2019-05-25 14:03:06,577 [DEBUG] wire:73 -  >> "User-Agent: Apache-HttpClient/4.5.5 (Java/1.8.0_202)[\r][\n]"
2019-05-25 14:03:06,577 [DEBUG] wire:73 -  >> "[\r][\n]"
2019-05-25 14:03:06,577 [DEBUG] headers:278 - >> HEAD /stm32cubeide/updatesite1/compositeContent.xml HTTP/1.1
2019-05-25 14:03:06,577 [DEBUG] headers:281 - >> Cache-Control: max-age=0
2019-05-25 14:03:06,577 [DEBUG] headers:281 - >> Host: sw-center.st.com
2019-05-25 14:03:06,577 [DEBUG] headers:281 - >> Connection: Keep-Alive
2019-05-25 14:03:06,578 [DEBUG] headers:281 - >> User-Agent: Apache-HttpClient/4.5.5 (Java/1.8.0_202)
2019-05-25 14:03:06,595 [DEBUG] wire:73 -  << "HTTP/1.1 200 OK[\r][\n]"
2019-05-25 14:03:06,595 [DEBUG] wire:73 -  << "Date: Sat, 25 May 2019 21:03:08 GMT[\r][\n]"
2019-05-25 14:03:06,595 [DEBUG] wire:73 -  << "Server: PWS/8.3.2.1[\r][\n]"
2019-05-25 14:03:06,595 [DEBUG] wire:73 -  << "X-Px: ms h0-s4005.p12-sjc ( h0-s4008.p12-sjc), ht-d h0-s4008.p12-sjc.cdngp.net[\r][\n]"
2019-05-25 14:03:06,595 [DEBUG] wire:73 -  << "ETag: "e6dc9b557b7e67eace8d998bc51285c7"[\r][\n]"
2019-05-25 14:03:06,596 [DEBUG] wire:73 -  << "Age: 554269[\r][\n]"
2019-05-25 14:03:06,596 [DEBUG] wire:73 -  << "Cache-Control: max-age=604800[\r][\n]"
2019-05-25 14:03:06,596 [DEBUG] wire:73 -  << "Expires: Sun, 26 May 2019 11:05:19 GMT[\r][\n]"
2019-05-25 14:03:06,596 [DEBUG] wire:73 -  << "Content-Length: 471[\r][\n]"
2019-05-25 14:03:06,596 [DEBUG] wire:73 -  << "Content-Type: text/xml[\r][\n]"
2019-05-25 14:03:06,596 [DEBUG] wire:73 -  << "Last-Modified: Fri, 26 Apr 2019 08:50:42 GMT[\r][\n]"
2019-05-25 14:03:06,596 [DEBUG] wire:73 -  << "x-amz-version-id: Ov9wm_XnTgAFMBxmbTEks2kKhYgoYklQ[\r][\n]"
2019-05-25 14:03:06,596 [DEBUG] wire:73 -  << "x-amz-id-2: Gr+lcLj/rBA01FDGHIX8LNYziUyreSwK0xMGigOgjVZU6qkRG5F6gJNy5jrA+C6AOdxNKuv4KQc=[\r][\n]"
2019-05-25 14:03:06,596 [DEBUG] wire:73 -  << "x-amz-request-id: 3A1E5E097B040A06[\r][\n]"
2019-05-25 14:03:06,597 [DEBUG] wire:73 -  << "x-amz-meta-cb-modifiedtime: Wed, 24 Apr 2019 09:04:42 GMT[\r][\n]"
2019-05-25 14:03:06,597 [DEBUG] wire:73 -  << "Connection: keep-alive[\r][\n]"
2019-05-25 14:03:06,597 [DEBUG] wire:73 -  << "[\r][\n]"
2019-05-25 14:03:06,597 [DEBUG] DefaultClientConnection:259 - Receiving response: HTTP/1.1 200 OK
2019-05-25 14:03:06,597 [DEBUG] headers:262 - << HTTP/1.1 200 OK
2019-05-25 14:03:06,597 [DEBUG] headers:265 - << Date: Sat, 25 May 2019 21:03:08 GMT
2019-05-25 14:03:06,597 [DEBUG] headers:265 - << Server: PWS/8.3.2.1
2019-05-25 14:03:06,597 [DEBUG] headers:265 - << X-Px: ms h0-s4005.p12-sjc ( h0-s4008.p12-sjc), ht-d h0-s4008.p12-sjc.cdngp.net
2019-05-25 14:03:06,597 [DEBUG] headers:265 - << ETag: "e6dc9b557b7e67eace8d998bc51285c7"
2019-05-25 14:03:06,598 [DEBUG] headers:265 - << Age: 554269
2019-05-25 14:03:06,598 [DEBUG] headers:265 - << Cache-Control: max-age=604800
2019-05-25 14:03:06,598 [DEBUG] headers:265 - << Expires: Sun, 26 May 2019 11:05:19 GMT
2019-05-25 14:03:06,598 [DEBUG] headers:265 - << Content-Length: 471
2019-05-25 14:03:06,598 [DEBUG] headers:265 - << Content-Type: text/xml
2019-05-25 14:03:06,598 [DEBUG] headers:265 - << Last-Modified: Fri, 26 Apr 2019 08:50:42 GMT
2019-05-25 14:03:06,598 [DEBUG] headers:265 - << x-amz-version-id: Ov9wm_XnTgAFMBxmbTEks2kKhYgoYklQ
2019-05-25 14:03:06,598 [DEBUG] headers:265 - << x-amz-id-2: Gr+lcLj/rBA01FDGHIX8LNYziUyreSwK0xMGigOgjVZU6qkRG5F6gJNy5jrA+C6AOdxNKuv4KQc=
2019-05-25 14:03:06,598 [DEBUG] headers:265 - << x-amz-request-id: 3A1E5E097B040A06
2019-05-25 14:03:06,598 [DEBUG] headers:265 - << x-amz-meta-cb-modifiedtime: Wed, 24 Apr 2019 09:04:42 GMT
2019-05-25 14:03:06,598 [DEBUG] headers:265 - << Connection: keep-alive
2019-05-25 14:03:06,599 [DEBUG] SNIAwareHttpClient:509 - Connection can be kept alive indefinitely
2019-05-25 14:03:06,599 [DEBUG] BasicClientConnectionManager:200 - Releasing connection org.apache.http.impl.conn.ManagedClientConnectionImpl@30c74f86
2019-05-25 14:03:06,599 [DEBUG] BasicClientConnectionManager:225 - Connection can be kept alive indefinitely
2019-05-25 14:03:06,610 [DEBUG] SingleClientConnManager:210 - Get connection for route {}->http://sw-center.st.com:80
2019-05-25 14:03:06,610 [DEBUG] DefaultClientConnectionOperator:177 - Connecting to sw-center.st.com:80
2019-05-25 14:03:06,622 [DEBUG] RequestAddCookies:123 - CookieSpec selected: default
2019-05-25 14:03:06,622 [DEBUG] RequestAuthCache:77 - Auth cache not set in the context
2019-05-25 14:03:06,622 [DEBUG] RequestTargetAuthentication:80 - Target auth state: UNCHALLENGED
2019-05-25 14:03:06,622 [DEBUG] RequestProxyAuthentication:89 - Proxy auth state: UNCHALLENGED
2019-05-25 14:03:06,622 [DEBUG] SNIAwareHttpClient:682 - Attempt 1 to execute request
2019-05-25 14:03:06,622 [DEBUG] DefaultClientConnection:274 - Sending request: GET /stm32cubeide/updatesite1/1.0.0/p2.index HTTP/1.1
2019-05-25 14:03:06,622 [DEBUG] wire:73 -  >> "GET /stm32cubeide/updatesite1/1.0.0/p2.index HTTP/1.1[\r][\n]"
2019-05-25 14:03:06,622 [DEBUG] wire:73 -  >> "Cache-Control: max-age=0[\r][\n]"
2019-05-25 14:03:06,623 [DEBUG] wire:73 -  >> "User-Agent: p2/1.2.100.v20180822-1354 (Java 1.8.0_202-b08 AdoptOpenJdk; Windows10 10.0.0 x86-64; en_US) com.st.stm32cube.ide.mcu.rcp.product/unknownBuildId (org.eclipse.ui.ide.workbench)[\r][\n]"
2019-05-25 14:03:06,623 [DEBUG] wire:73 -  >> "Host: sw-center.st.com[\r][\n]"
2019-05-25 14:03:06,623 [DEBUG] wire:73 -  >> "Connection: Keep-Alive[\r][\n]"
2019-05-25 14:03:06,623 [DEBUG] wire:73 -  >> "Accept-Encoding: gzip,deflate[\r][\n]"
2019-05-25 14:03:06,623 [DEBUG] wire:73 -  >> "[\r][\n]"
2019-05-25 14:03:06,623 [DEBUG] headers:278 - >> GET /stm32cubeide/updatesite1/1.0.0/p2.index HTTP/1.1
2019-05-25 14:03:06,623 [DEBUG] headers:281 - >> Cache-Control: max-age=0
2019-05-25 14:03:06,623 [DEBUG] headers:281 - >> User-Agent: p2/1.2.100.v20180822-1354 (Java 1.8.0_202-b08 AdoptOpenJdk; Windows10 10.0.0 x86-64; en_US) com.st.stm32cube.ide.mcu.rcp.product/unknownBuildId (org.eclipse.ui.ide.workbench)
2019-05-25 14:03:06,624 [DEBUG] headers:281 - >> Host: sw-center.st.com
2019-05-25 14:03:06,624 [DEBUG] headers:281 - >> Connection: Keep-Alive
2019-05-25 14:03:06,624 [DEBUG] headers:281 - >> Accept-Encoding: gzip,deflate
2019-05-25 14:03:06,646 [DEBUG] wire:73 -  << "HTTP/1.1 200 OK[\r][\n]"
2019-05-25 14:03:06,646 [DEBUG] wire:73 -  << "Date: Sat, 25 May 2019 21:03:08 GMT[\r][\n]"
2019-05-25 14:03:06,646 [DEBUG] wire:73 -  << "Server: PWS/8.3.2.1[\r][\n]"
2019-05-25 14:03:06,646 [DEBUG] wire:73 -  << "X-Px: ht h0-s4005.p12-sjc.cdngp.net[\r][\n]"
2019-05-25 14:03:06,646 [DEBUG] wire:73 -  << "ETag: "284632ada586aaf9826d908d33d87a49"[\r][\n]"
2019-05-25 14:03:06,646 [DEBUG] wire:73 -  << "Age: 360791[\r][\n]"
2019-05-25 14:03:06,647 [DEBUG] wire:73 -  << "Cache-Control: max-age=604800[\r][\n]"
2019-05-25 14:03:06,647 [DEBUG] wire:73 -  << "Expires: Tue, 28 May 2019 16:49:57 GMT[\r][\n]"
2019-05-25 14:03:06,647 [DEBUG] wire:73 -  << "Content-Length: 172[\r][\n]"
2019-05-25 14:03:06,647 [DEBUG] wire:73 -  << "Content-Type: application/octet-stream[\r][\n]"
2019-05-25 14:03:06,647 [DEBUG] wire:73 -  << "Last-Modified: Fri, 26 Apr 2019 08:50:51 GMT[\r][\n]"
2019-05-25 14:03:06,647 [DEBUG] wire:73 -  << "x-amz-id-2: N/eMZAkNb+D1FMaSAav9zWSbJYWbB0GRwiquxSXRnqvvBLq5DNCAAUFfF9kKfE16d6goSSgUjfo=[\r][\n]"
2019-05-25 14:03:06,647 [DEBUG] wire:73 -  << "x-amz-request-id: DEE3675EDB4AE890[\r][\n]"
2019-05-25 14:03:06,647 [DEBUG] wire:73 -  << "x-amz-version-id: 6TmQxlIR0LxPneaWQbf1z__wZKmE3NY7[\r][\n]"
2019-05-25 14:03:06,648 [DEBUG] wire:73 -  << "x-amz-meta-cb-modifiedtime: Tue, 23 Apr 2019 19:03:42 GMT[\r][\n]"
2019-05-25 14:03:06,648 [DEBUG] wire:73 -  << "Connection: keep-alive[\r][\n]"
2019-05-25 14:03:06,648 [DEBUG] wire:73 -  << "[\r][\n]"
2019-05-25 14:03:06,648 [DEBUG] DefaultClientConnection:259 - Receiving response: HTTP/1.1 200 OK
2019-05-25 14:03:06,648 [DEBUG] headers:262 - << HTTP/1.1 200 OK
2019-05-25 14:03:06,648 [DEBUG] headers:265 - << Date: Sat, 25 May 2019 21:03:08 GMT
2019-05-25 14:03:06,648 [DEBUG] headers:265 - << Server: PWS/8.3.2.1
2019-05-25 14:03:06,649 [DEBUG] headers:265 - << X-Px: ht h0-s4005.p12-sjc.cdngp.net
2019-05-25 14:03:06,649 [DEBUG] headers:265 - << ETag: "284632ada586aaf9826d908d33d87a49"
2019-05-25 14:03:06,649 [DEBUG] headers:265 - << Age: 360791
2019-05-25 14:03:06,649 [DEBUG] headers:265 - << Cache-Control: max-age=604800
2019-05-25 14:03:06,649 [DEBUG] headers:265 - << Expires: Tue, 28 May 2019 16:49:57 GMT
2019-05-25 14:03:06,649 [DEBUG] headers:265 - << Content-Length: 172
2019-05-25 14:03:06,649 [DEBUG] headers:265 - << Content-Type: application/octet-stream
2019-05-25 14:03:06,649 [DEBUG] headers:265 - << Last-Modified: Fri, 26 Apr 2019 08:50:51 GMT
2019-05-25 14:03:06,649 [DEBUG] headers:265 - << x-amz-id-2: N/eMZAkNb+D1FMaSAav9zWSbJYWbB0GRwiquxSXRnqvvBLq5DNCAAUFfF9kKfE16d6goSSgUjfo=
2019-05-25 14:03:06,649 [DEBUG] headers:265 - << x-amz-request-id: DEE3675EDB4AE890
2019-05-25 14:03:06,649 [DEBUG] headers:265 - << x-amz-version-id: 6TmQxlIR0LxPneaWQbf1z__wZKmE3NY7
2019-05-25 14:03:06,650 [DEBUG] headers:265 - << x-amz-meta-cb-modifiedtime: Tue, 23 Apr 2019 19:03:42 GMT
2019-05-25 14:03:06,650 [DEBUG] headers:265 - << Connection: keep-alive
2019-05-25 14:03:06,650 [DEBUG] SNIAwareHttpClient:509 - Connection can be kept alive indefinitely
2019-05-25 14:03:06,652 [DEBUG] wire:73 -  << "#Tue Apr 23 21:03:43 UTC 2019[\n]"
2019-05-25 14:03:06,652 [DEBUG] wire:73 -  << "version=1[\n]"
2019-05-25 14:03:06,652 [DEBUG] wire:73 -  << "metadata.repository.factory.order=content.xml.xz,content.xml,\![\n]"
2019-05-25 14:03:06,652 [DEBUG] wire:73 -  << "artifact.repository.factory.order=artifacts.xml.xz,artifacts.xml,\![\n]"
2019-05-25 14:03:06,655 [DEBUG] SingleClientConnManager:265 - Releasing connection org.apache.http.impl.conn.SingleClientConnManager$ConnAdapter@63b4b761
2019-05-25 14:03:06,759 [DEBUG] BasicClientConnectionManager:161 - Get connection for route {}->http://sw-center.st.com:80
2019-05-25 14:03:06,760 [DEBUG] DefaultClientConnectionOperator:177 - Connecting to sw-center.st.com:80
2019-05-25 14:03:06,772 [DEBUG] RequestAddCookies:123 - CookieSpec selected: default
2019-05-25 14:03:06,772 [DEBUG] RequestAuthCache:77 - Auth cache not set in the context
2019-05-25 14:03:06,772 [DEBUG] RequestTargetAuthentication:80 - Target auth state: UNCHALLENGED
2019-05-25 14:03:06,772 [DEBUG] RequestProxyAuthentication:89 - Proxy auth state: UNCHALLENGED
2019-05-25 14:03:06,772 [DEBUG] SNIAwareHttpClient:682 - Attempt 1 to execute request
2019-05-25 14:03:06,772 [DEBUG] DefaultClientConnection:274 - Sending request: HEAD /stm32cubeide/updatesite1/1.0.0/content.xml.xz HTTP/1.1
2019-05-25 14:03:06,772 [DEBUG] wire:73 -  >> "HEAD /stm32cubeide/updatesite1/1.0.0/content.xml.xz HTTP/1.1[\r][\n]"
2019-05-25 14:03:06,773 [DEBUG] wire:73 -  >> "Cache-Control: max-age=0[\r][\n]"
2019-05-25 14:03:06,773 [DEBUG] wire:73 -  >> "Host: sw-center.st.com[\r][\n]"
2019-05-25 14:03:06,773 [DEBUG] wire:73 -  >> "Connection: Keep-Alive[\r][\n]"
2019-05-25 14:03:06,773 [DEBUG] wire:73 -  >> "User-Agent: Apache-HttpClient/4.5.5 (Java/1.8.0_202)[\r][\n]"
2019-05-25 14:03:06,773 [DEBUG] wire:73 -  >> "[\r][\n]"
2019-05-25 14:03:06,773 [DEBUG] headers:278 - >> HEAD /stm32cubeide/updatesite1/1.0.0/content.xml.xz HTTP/1.1
2019-05-25 14:03:06,773 [DEBUG] headers:281 - >> Cache-Control: max-age=0
2019-05-25 14:03:06,774 [DEBUG] headers:281 - >> Host: sw-center.st.com
2019-05-25 14:03:06,774 [DEBUG] headers:281 - >> Connection: Keep-Alive
2019-05-25 14:03:06,774 [DEBUG] headers:281 - >> User-Agent: Apache-HttpClient/4.5.5 (Java/1.8.0_202)
2019-05-25 14:03:06,798 [DEBUG] wire:73 -  << "HTTP/1.1 200 OK[\r][\n]"
2019-05-25 14:03:06,798 [DEBUG] wire:73 -  << "Date: Sat, 25 May 2019 21:03:08 GMT[\r][\n]"
2019-05-25 14:03:06,798 [DEBUG] wire:73 -  << "Server: PWS/8.3.2.1[\r][\n]"
2019-05-25 14:03:06,798 [DEBUG] wire:73 -  << "X-Px: ms h0-s4005.p12-sjc ( h0-s4007.p12-sjc), ht-d h0-s4007.p12-sjc.cdngp.net[\r][\n]"
2019-05-25 14:03:06,799 [DEBUG] wire:73 -  << "ETag: "0ae01ce1ffa429a5af9a7c1badadf2a8"[\r][\n]"
2019-05-25 14:03:06,799 [DEBUG] wire:73 -  << "Age: 568607[\r][\n]"
2019-05-25 14:03:06,799 [DEBUG] wire:73 -  << "Cache-Control: max-age=604800[\r][\n]"
2019-05-25 14:03:06,799 [DEBUG] wire:73 -  << "Expires: Sun, 26 May 2019 07:06:21 GMT[\r][\n]"
2019-05-25 14:03:06,799 [DEBUG] wire:73 -  << "Accept-Ranges: bytes[\r][\n]"
2019-05-25 14:03:06,800 [DEBUG] wire:73 -  << "Content-Length: 69904[\r][\n]"
2019-05-25 14:03:06,800 [DEBUG] wire:73 -  << "Content-Type: application/octet-stream[\r][\n]"
2019-05-25 14:03:06,800 [DEBUG] wire:73 -  << "Last-Modified: Fri, 26 Apr 2019 08:50:51 GMT[\r][\n]"
2019-05-25 14:03:06,800 [DEBUG] wire:73 -  << "x-amz-version-id: 8r6hCUl1L7ffx6AGOZCxQrEmyo986kNH[\r][\n]"
2019-05-25 14:03:06,800 [DEBUG] wire:73 -  << "x-amz-id-2: rneU+WnBs6AQlKsko2cchxnWyKvqD238+QhMqQLh3yquVMPRCuNJJn+7nLp/2Jc5zg1jnMUC1eY=[\r][\n]"
2019-05-25 14:03:06,800 [DEBUG] wire:73 -  << "x-amz-request-id: 2043486DEB8104A9[\r][\n]"
2019-05-25 14:03:06,800 [DEBUG] wire:73 -  << "x-amz-meta-cb-modifiedtime: Tue, 23 Apr 2019 19:03:42 GMT[\r][\n]"
2019-05-25 14:03:06,800 [DEBUG] wire:73 -  << "Connection: keep-alive[\r][\n]"
2019-05-25 14:03:06,801 [DEBUG] wire:73 -  << "[\r][\n]"
2019-05-25 14:03:06,801 [DEBUG] DefaultClientConnection:259 - Receiving response: HTTP/1.1 200 OK
2019-05-25 14:03:06,801 [DEBUG] headers:262 - << HTTP/1.1 200 OK
2019-05-25 14:03:06,801 [DEBUG] headers:265 - << Date: Sat, 25 May 2019 21:03:08 GMT
2019-05-25 14:03:06,801 [DEBUG] headers:265 - << Server: PWS/8.3.2.1
2019-05-25 14:03:06,801 [DEBUG] headers:265 - << X-Px: ms h0-s4005.p12-sjc ( h0-s4007.p12-sjc), ht-d h0-s4007.p12-sjc.cdngp.net
2019-05-25 14:03:06,801 [DEBUG] headers:265 - << ETag: "0ae01ce1ffa429a5af9a7c1badadf2a8"
2019-05-25 14:03:06,801 [DEBUG] headers:265 - << Age: 568607
2019-05-25 14:03:06,801 [DEBUG] headers:265 - << Cache-Control: max-age=604800
2019-05-25 14:03:06,801 [DEBUG] headers:265 - << Expires: Sun, 26 May 2019 07:06:21 GMT
2019-05-25 14:03:06,801 [DEBUG] headers:265 - << Accept-Ranges: bytes
2019-05-25 14:03:06,801 [DEBUG] headers:265 - << Content-Length: 69904
2019-05-25 14:03:06,802 [DEBUG] headers:265 - << Content-Type: application/octet-stream
2019-05-25 14:03:06,802 [DEBUG] headers:265 - << Last-Modified: Fri, 26 Apr 2019 08:50:51 GMT
2019-05-25 14:03:06,802 [DEBUG] headers:265 - << x-amz-version-id: 8r6hCUl1L7ffx6AGOZCxQrEmyo986kNH
2019-05-25 14:03:06,802 [DEBUG] headers:265 - << x-amz-id-2: rneU+WnBs6AQlKsko2cchxnWyKvqD238+QhMqQLh3yquVMPRCuNJJn+7nLp/2Jc5zg1jnMUC1eY=
2019-05-25 14:03:06,802 [DEBUG] headers:265 - << x-amz-request-id: 2043486DEB8104A9
2019-05-25 14:03:06,802 [DEBUG] headers:265 - << x-amz-meta-cb-modifiedtime: Tue, 23 Apr 2019 19:03:42 GMT
2019-05-25 14:03:06,802 [DEBUG] headers:265 - << Connection: keep-alive
2019-05-25 14:03:06,802 [DEBUG] SNIAwareHttpClient:509 - Connection can be kept alive indefinitely
2019-05-25 14:03:06,802 [DEBUG] BasicClientConnectionManager:200 - Releasing connection org.apache.http.impl.conn.ManagedClientConnectionImpl@75a11395
2019-05-25 14:03:06,802 [DEBUG] BasicClientConnectionManager:225 - Connection can be kept alive indefinitely
2019-05-25 14:03:06,857 [DEBUG] DefaultClientConnection:164 - Connection 0.0.0.0:53984<->174.35.12.71:80 shut down
2019-05-25 14:03:06,858 [DEBUG] DefaultClientConnection:180 - Connection 0.0.0.0:53983<->174.35.12.71:80 closed
2019-05-25 14:03:06,981 [DEBUG] SingleClientConnManager:210 - Get connection for route {s}->https://download.eclipse.org:443
2019-05-25 14:03:06,982 [DEBUG] DefaultClientConnectionOperator:177 - Connecting to download.eclipse.org:443
2019-05-25 14:03:07,081 [DEBUG] RequestAddCookies:123 - CookieSpec selected: default
2019-05-25 14:03:07,081 [DEBUG] RequestAuthCache:77 - Auth cache not set in the context
2019-05-25 14:03:07,081 [DEBUG] RequestTargetAuthentication:80 - Target auth state: UNCHALLENGED
2019-05-25 14:03:07,081 [DEBUG] RequestProxyAuthentication:89 - Proxy auth state: UNCHALLENGED
2019-05-25 14:03:07,082 [DEBUG] SNIAwareHttpClient:682 - Attempt 1 to execute request
2019-05-25 14:03:07,082 [DEBUG] DefaultClientConnection:274 - Sending request: GET /releases/2019-03/p2.index HTTP/1.1
2019-05-25 14:03:07,082 [DEBUG] wire:73 -  >> "GET /releases/2019-03/p2.index HTTP/1.1[\r][\n]"
2019-05-25 14:03:07,082 [DEBUG] wire:73 -  >> "Cache-Control: max-age=0[\r][\n]"
2019-05-25 14:03:07,082 [DEBUG] wire:73 -  >> "User-Agent: p2/1.2.100.v20180822-1354 (Java 1.8.0_202-b08 AdoptOpenJdk; Windows10 10.0.0 x86-64; en_US) com.st.stm32cube.ide.mcu.rcp.product/unknownBuildId (org.eclipse.ui.ide.workbench)[\r][\n]"
2019-05-25 14:03:07,082 [DEBUG] wire:73 -  >> "Host: download.eclipse.org[\r][\n]"
2019-05-25 14:03:07,082 [DEBUG] wire:73 -  >> "Connection: Keep-Alive[\r][\n]"
2019-05-25 14:03:07,082 [DEBUG] wire:73 -  >> "Accept-Encoding: gzip,deflate[\r][\n]"
2019-05-25 14:03:07,082 [DEBUG] wire:73 -  >> "[\r][\n]"
2019-05-25 14:03:07,083 [DEBUG] headers:278 - >> GET /releases/2019-03/p2.index HTTP/1.1
2019-05-25 14:03:07,083 [DEBUG] headers:281 - >> Cache-Control: max-age=0
2019-05-25 14:03:07,083 [DEBUG] headers:281 - >> User-Agent: p2/1.2.100.v20180822-1354 (Java 1.8.0_202-b08 AdoptOpenJdk; Windows10 10.0.0 x86-64; en_US) com.st.stm32cube.ide.mcu.rcp.product/unknownBuildId (org.eclipse.ui.ide.workbench)
2019-05-25 14:03:07,083 [DEBUG] headers:281 - >> Host: download.eclipse.org
2019-05-25 14:03:07,083 [DEBUG] headers:281 - >> Connection: Keep-Alive
2019-05-25 14:03:07,083 [DEBUG] headers:281 - >> Accept-Encoding: gzip,deflate
2019-05-25 14:03:07,380 [DEBUG] wire:73 -  << "HTTP/1.1 200 OK[\r][\n]"
2019-05-25 14:03:07,380 [DEBUG] wire:73 -  << "Server: nginx[\r][\n]"
2019-05-25 14:03:07,380 [DEBUG] wire:73 -  << "Date: Sat, 25 May 2019 21:03:01 GMT[\r][\n]"
2019-05-25 14:03:07,380 [DEBUG] wire:73 -  << "Content-Type: text/plain[\r][\n]"
2019-05-25 14:03:07,380 [DEBUG] wire:73 -  << "Transfer-Encoding: chunked[\r][\n]"
2019-05-25 14:03:07,381 [DEBUG] wire:73 -  << "Connection: keep-alive[\r][\n]"
2019-05-25 14:03:07,381 [DEBUG] wire:73 -  << "Vary: Accept-Encoding[\r][\n]"
2019-05-25 14:03:07,381 [DEBUG] wire:73 -  << "Last-Modified: Wed, 19 Dec 2018 15:24:41 GMT[\r][\n]"
2019-05-25 14:03:07,381 [DEBUG] wire:73 -  << "ETag: W/"7a-57d619ceaff8e"[\r][\n]"
2019-05-25 14:03:07,381 [DEBUG] wire:73 -  << "X-NodeID: download1[\r][\n]"
2019-05-25 14:03:07,381 [DEBUG] wire:73 -  << "Strict-Transport-Security: max-age=15552000; includeSubDomains; preload[\r][\n]"
2019-05-25 14:03:07,381 [DEBUG] wire:73 -  << "X-Frame-Options: SAMEORIGIN[\r][\n]"
2019-05-25 14:03:07,381 [DEBUG] wire:73 -  << "X-Content-Type-Options: nosniff[\r][\n]"
2019-05-25 14:03:07,381 [DEBUG] wire:73 -  << "X-XSS-Protection: 1; mode=block[\r][\n]"
2019-05-25 14:03:07,381 [DEBUG] wire:73 -  << "X-Proxy-Cache: HIT[\r][\n]"
2019-05-25 14:03:07,382 [DEBUG] wire:73 -  << "Content-Encoding: gzip[\r][\n]"
2019-05-25 14:03:07,382 [DEBUG] wire:73 -  << "[\r][\n]"
2019-05-25 14:03:07,382 [DEBUG] DefaultClientConnection:259 - Receiving response: HTTP/1.1 200 OK
2019-05-25 14:03:07,382 [DEBUG] headers:262 - << HTTP/1.1 200 OK
2019-05-25 14:03:07,382 [DEBUG] headers:265 - << Server: nginx
2019-05-25 14:03:07,382 [DEBUG] headers:265 - << Date: Sat, 25 May 2019 21:03:01 GMT
2019-05-25 14:03:07,382 [DEBUG] headers:265 - << Content-Type: text/plain
2019-05-25 14:03:07,382 [DEBUG] headers:265 - << Transfer-Encoding: chunked
2019-05-25 14:03:07,382 [DEBUG] headers:265 - << Connection: keep-alive
2019-05-25 14:03:07,382 [DEBUG] headers:265 - << Vary: Accept-Encoding
2019-05-25 14:03:07,382 [DEBUG] headers:265 - << Last-Modified: Wed, 19 Dec 2018 15:24:41 GMT
2019-05-25 14:03:07,382 [DEBUG] headers:265 - << ETag: W/"7a-57d619ceaff8e"
2019-05-25 14:03:07,382 [DEBUG] headers:265 - << X-NodeID: download1
2019-05-25 14:03:07,383 [DEBUG] headers:265 - << Strict-Transport-Security: max-age=15552000; includeSubDomains; preload
2019-05-25 14:03:07,383 [DEBUG] headers:265 - << X-Frame-Options: SAMEORIGIN
2019-05-25 14:03:07,383 [DEBUG] headers:265 - << X-Content-Type-Options: nosniff
2019-05-25 14:03:07,383 [DEBUG] headers:265 - << X-XSS-Protection: 1; mode=block
2019-05-25 14:03:07,383 [DEBUG] headers:265 - << X-Proxy-Cache: HIT
2019-05-25 14:03:07,383 [DEBUG] headers:265 - << Content-Encoding: gzip
2019-05-25 14:03:07,385 [DEBUG] SNIAwareHttpClient:509 - Connection can be kept alive indefinitely
2019-05-25 14:03:07,386 [DEBUG] wire:73 -  << "5d[\r][\n]"
2019-05-25 14:03:07,386 [DEBUG] wire:87 -  << "[0x1f]"
2019-05-25 14:03:07,386 [DEBUG] wire:87 -  << "[0x8b]"
2019-05-25 14:03:07,386 [DEBUG] wire:87 -  << "[0x8]"
2019-05-25 14:03:07,386 [DEBUG] wire:87 -  << "[0x0]"
2019-05-25 14:03:07,386 [DEBUG] wire:87 -  << "[0x0][0x0][0x0][0x0][0x0][0x3]"
2019-05-25 14:03:07,386 [DEBUG] wire:87 -  << "+K-*[0xce][0xcc][0xcf][0xb3]5[0xe4][0xca]M-ILI,I[0xd4]+J-[0xc8]/[0xce],[0xc9]/[0xaa][0xd4]KKL[0x6][0xd3][0xf9]E)[0xa9]E[0xb6][0xc9][0xf9][0xb9]`[0x99]T[0xe7][0xfc][0xbc][0x92][0xd4][0xbc][0x12][0xbd][0x8a][0xdc][0x1c][0xae][0xc4][0xa2][0x92]L[0x90]2"[0xb4]9B[0x95][0x16][0x83]5[0x2][0x0]{[0xc4][0xca]iz[0x0][0x0][0x0]"
2019-05-25 14:03:07,387 [DEBUG] wire:73 -  << "[\r][\n]"
2019-05-25 14:03:07,387 [DEBUG] wire:73 -  << "0[\r][\n]"
2019-05-25 14:03:07,387 [DEBUG] wire:73 -  << "[\r][\n]"
2019-05-25 14:03:07,387 [DEBUG] SingleClientConnManager:265 - Releasing connection org.apache.http.impl.conn.SingleClientConnManager$ConnAdapter@40493a43
2019-05-25 14:03:07,487 [DEBUG] BasicClientConnectionManager:161 - Get connection for route {s}->https://download.eclipse.org:443
2019-05-25 14:03:07,488 [DEBUG] DefaultClientConnectionOperator:177 - Connecting to download.eclipse.org:443
2019-05-25 14:03:07,867 [DEBUG] RequestAddCookies:123 - CookieSpec selected: default
2019-05-25 14:03:07,867 [DEBUG] RequestAuthCache:77 - Auth cache not set in the context
2019-05-25 14:03:07,867 [DEBUG] RequestTargetAuthentication:80 - Target auth state: UNCHALLENGED
2019-05-25 14:03:07,867 [DEBUG] RequestProxyAuthentication:89 - Proxy auth state: UNCHALLENGED
2019-05-25 14:03:07,867 [DEBUG] SNIAwareHttpClient:682 - Attempt 1 to execute request
2019-05-25 14:03:07,867 [DEBUG] DefaultClientConnection:274 - Sending request: HEAD /releases/2019-03/compositeContent.jar HTTP/1.1
2019-05-25 14:03:07,867 [DEBUG] wire:73 -  >> "HEAD /releases/2019-03/compositeContent.jar HTTP/1.1[\r][\n]"
2019-05-25 14:03:07,867 [DEBUG] wire:73 -  >> "Cache-Control: max-age=0[\r][\n]"
2019-05-25 14:03:07,868 [DEBUG] wire:73 -  >> "Host: download.eclipse.org[\r][\n]"
2019-05-25 14:03:07,868 [DEBUG] wire:73 -  >> "Connection: Keep-Alive[\r][\n]"
2019-05-25 14:03:07,868 [DEBUG] wire:73 -  >> "User-Agent: Apache-HttpClient/4.5.5 (Java/1.8.0_202)[\r][\n]"
2019-05-25 14:03:07,868 [DEBUG] wire:73 -  >> "[\r][\n]"
2019-05-25 14:03:07,868 [DEBUG] headers:278 - >> HEAD /releases/2019-03/compositeContent.jar HTTP/1.1
2019-05-25 14:03:07,868 [DEBUG] headers:281 - >> Cache-Control: max-age=0
2019-05-25 14:03:07,868 [DEBUG] headers:281 - >> Host: download.eclipse.org
2019-05-25 14:03:07,868 [DEBUG] headers:281 - >> Connection: Keep-Alive
2019-05-25 14:03:07,868 [DEBUG] headers:281 - >> User-Agent: Apache-HttpClient/4.5.5 (Java/1.8.0_202)
2019-05-25 14:03:07,949 [DEBUG] wire:73 -  << "HTTP/1.1 200 OK[\r][\n]"
2019-05-25 14:03:07,949 [DEBUG] wire:73 -  << "Server: nginx[\r][\n]"
2019-05-25 14:03:07,950 [DEBUG] wire:73 -  << "Date: Sat, 25 May 2019 21:03:02 GMT[\r][\n]"
2019-05-25 14:03:07,950 [DEBUG] wire:73 -  << "Content-Type: application/x-java-archive[\r][\n]"
2019-05-25 14:03:07,950 [DEBUG] wire:73 -  << "Content-Length: 491[\r][\n]"
2019-05-25 14:03:07,950 [DEBUG] wire:73 -  << "Connection: keep-alive[\r][\n]"
2019-05-25 14:03:07,950 [DEBUG] wire:73 -  << "Last-Modified: Wed, 20 Mar 2019 13:30:05 GMT[\r][\n]"
2019-05-25 14:03:07,950 [DEBUG] wire:73 -  << "ETag: "1eb-584869ea1932a"[\r][\n]"
2019-05-25 14:03:07,950 [DEBUG] wire:73 -  << "X-NodeID: download1[\r][\n]"
2019-05-25 14:03:07,950 [DEBUG] wire:73 -  << "Strict-Transport-Security: max-age=15552000; includeSubDomains; preload[\r][\n]"
2019-05-25 14:03:07,951 [DEBUG] wire:73 -  << "X-Frame-Options: SAMEORIGIN[\r][\n]"
2019-05-25 14:03:07,951 [DEBUG] wire:73 -  << "X-Content-Type-Options: nosniff[\r][\n]"
2019-05-25 14:03:07,951 [DEBUG] wire:73 -  << "X-XSS-Protection: 1; mode=block[\r][\n]"
2019-05-25 14:03:07,951 [DEBUG] wire:73 -  << "X-Proxy-Cache: HIT[\r][\n]"
2019-05-25 14:03:07,951 [DEBUG] wire:73 -  << "Accept-Ranges: bytes[\r][\n]"
2019-05-25 14:03:07,951 [DEBUG] wire:73 -  << "[\r][\n]"
2019-05-25 14:03:07,952 [DEBUG] DefaultClientConnection:259 - Receiving response: HTTP/1.1 200 OK
2019-05-25 14:03:07,952 [DEBUG] headers:262 - << HTTP/1.1 200 OK
2019-05-25 14:03:07,952 [DEBUG] headers:265 - << Server: nginx
2019-05-25 14:03:07,952 [DEBUG] headers:265 - << Date: Sat, 25 May 2019 21:03:02 GMT
2019-05-25 14:03:07,952 [DEBUG] headers:265 - << Content-Type: application/x-java-archive
2019-05-25 14:03:07,952 [DEBUG] headers:265 - << Content-Length: 491
2019-05-25 14:03:07,952 [DEBUG] headers:265 - << Connection: keep-alive
2019-05-25 14:03:07,952 [DEBUG] headers:265 - << Last-Modified: Wed, 20 Mar 2019 13:30:05 GMT
2019-05-25 14:03:07,952 [DEBUG] headers:265 - << ETag: "1eb-584869ea1932a"
2019-05-25 14:03:07,952 [DEBUG] headers:265 - << X-NodeID: download1
2019-05-25 14:03:07,952 [DEBUG] headers:265 - << Strict-Transport-Security: max-age=15552000; includeSubDomains; preload
2019-05-25 14:03:07,952 [DEBUG] headers:265 - << X-Frame-Options: SAMEORIGIN
2019-05-25 14:03:07,952 [DEBUG] headers:265 - << X-Content-Type-Options: nosniff
2019-05-25 14:03:07,953 [DEBUG] headers:265 - << X-XSS-Protection: 1; mode=block
2019-05-25 14:03:07,953 [DEBUG] headers:265 - << X-Proxy-Cache: HIT
2019-05-25 14:03:07,953 [DEBUG] headers:265 - << Accept-Ranges: bytes
2019-05-25 14:03:07,953 [DEBUG] SNIAwareHttpClient:509 - Connection can be kept alive indefinitely
2019-05-25 14:03:07,953 [DEBUG] BasicClientConnectionManager:200 - Releasing connection org.apache.http.impl.conn.ManagedClientConnectionImpl@191534e7
2019-05-25 14:03:07,953 [DEBUG] BasicClientConnectionManager:225 - Connection can be kept alive indefinitely
2019-05-25 14:03:07,958 [DEBUG] SingleClientConnManager:210 - Get connection for route {s}->https://download.eclipse.org:443
2019-05-25 14:03:07,958 [DEBUG] DefaultClientConnectionOperator:177 - Connecting to download.eclipse.org:443
2019-05-25 14:03:08,039 [DEBUG] RequestAddCookies:123 - CookieSpec selected: default
2019-05-25 14:03:08,039 [DEBUG] RequestAuthCache:77 - Auth cache not set in the context
2019-05-25 14:03:08,039 [DEBUG] RequestTargetAuthentication:80 - Target auth state: UNCHALLENGED
2019-05-25 14:03:08,039 [DEBUG] RequestProxyAuthentication:89 - Proxy auth state: UNCHALLENGED
2019-05-25 14:03:08,039 [DEBUG] SNIAwareHttpClient:682 - Attempt 1 to execute request
2019-05-25 14:03:08,039 [DEBUG] DefaultClientConnection:274 - Sending request: GET /technology/epp/packages/2019-03/p2.index HTTP/1.1
2019-05-25 14:03:08,039 [DEBUG] wire:73 -  >> "GET /technology/epp/packages/2019-03/p2.index HTTP/1.1[\r][\n]"
2019-05-25 14:03:08,039 [DEBUG] wire:73 -  >> "Cache-Control: max-age=0[\r][\n]"
2019-05-25 14:03:08,039 [DEBUG] wire:73 -  >> "User-Agent: p2/1.2.100.v20180822-1354 (Java 1.8.0_202-b08 AdoptOpenJdk; Windows10 10.0.0 x86-64; en_US) com.st.stm32cube.ide.mcu.rcp.product/unknownBuildId (org.eclipse.ui.ide.workbench)[\r][\n]"
2019-05-25 14:03:08,040 [DEBUG] wire:73 -  >> "Host: download.eclipse.org[\r][\n]"
2019-05-25 14:03:08,040 [DEBUG] wire:73 -  >> "Connection: Keep-Alive[\r][\n]"
2019-05-25 14:03:08,040 [DEBUG] wire:73 -  >> "Accept-Encoding: gzip,deflate[\r][\n]"
2019-05-25 14:03:08,040 [DEBUG] wire:73 -  >> "[\r][\n]"
2019-05-25 14:03:08,040 [DEBUG] headers:278 - >> GET /technology/epp/packages/2019-03/p2.index HTTP/1.1
2019-05-25 14:03:08,040 [DEBUG] headers:281 - >> Cache-Control: max-age=0
2019-05-25 14:03:08,040 [DEBUG] headers:281 - >> User-Agent: p2/1.2.100.v20180822-1354 (Java 1.8.0_202-b08 AdoptOpenJdk; Windows10 10.0.0 x86-64; en_US) com.st.stm32cube.ide.mcu.rcp.product/unknownBuildId (org.eclipse.ui.ide.workbench)
2019-05-25 14:03:08,040 [DEBUG] headers:281 - >> Host: download.eclipse.org
2019-05-25 14:03:08,040 [DEBUG] headers:281 - >> Connection: Keep-Alive
2019-05-25 14:03:08,040 [DEBUG] headers:281 - >> Accept-Encoding: gzip,deflate
2019-05-25 14:03:08,298 [DEBUG] wire:73 -  << "HTTP/1.1 200 OK[\r][\n]"
2019-05-25 14:03:08,298 [DEBUG] wire:73 -  << "Server: nginx[\r][\n]"
2019-05-25 14:03:08,298 [DEBUG] wire:73 -  << "Date: Sat, 25 May 2019 21:03:02 GMT[\r][\n]"
2019-05-25 14:03:08,298 [DEBUG] wire:73 -  << "Content-Type: text/plain[\r][\n]"
2019-05-25 14:03:08,298 [DEBUG] wire:73 -  << "Transfer-Encoding: chunked[\r][\n]"
2019-05-25 14:03:08,299 [DEBUG] wire:73 -  << "Connection: keep-alive[\r][\n]"
2019-05-25 14:03:08,299 [DEBUG] wire:73 -  << "Vary: Accept-Encoding[\r][\n]"
2019-05-25 14:03:08,299 [DEBUG] wire:73 -  << "Last-Modified: Wed, 20 Mar 2019 10:26:30 GMT[\r][\n]"
2019-05-25 14:03:08,299 [DEBUG] wire:73 -  << "ETag: W/"8e-584840e0f8180"[\r][\n]"
2019-05-25 14:03:08,299 [DEBUG] wire:73 -  << "X-NodeID: download1[\r][\n]"
2019-05-25 14:03:08,299 [DEBUG] wire:73 -  << "Strict-Transport-Security: max-age=15552000; includeSubDomains; preload[\r][\n]"
2019-05-25 14:03:08,299 [DEBUG] wire:73 -  << "X-Frame-Options: SAMEORIGIN[\r][\n]"
2019-05-25 14:03:08,299 [DEBUG] wire:73 -  << "X-Content-Type-Options: nosniff[\r][\n]"
2019-05-25 14:03:08,299 [DEBUG] wire:73 -  << "X-XSS-Protection: 1; mode=block[\r][\n]"
2019-05-25 14:03:08,299 [DEBUG] wire:73 -  << "X-Proxy-Cache: HIT[\r][\n]"
2019-05-25 14:03:08,299 [DEBUG] wire:73 -  << "Content-Encoding: gzip[\r][\n]"
2019-05-25 14:03:08,299 [DEBUG] wire:73 -  << "[\r][\n]"
2019-05-25 14:03:08,300 [DEBUG] DefaultClientConnection:259 - Receiving response: HTTP/1.1 200 OK
2019-05-25 14:03:08,300 [DEBUG] headers:262 - << HTTP/1.1 200 OK
2019-05-25 14:03:08,300 [DEBUG] headers:265 - << Server: nginx
2019-05-25 14:03:08,300 [DEBUG] headers:265 - << Date: Sat, 25 May 2019 21:03:02 GMT
2019-05-25 14:03:08,300 [DEBUG] headers:265 - << Content-Type: text/plain
2019-05-25 14:03:08,300 [DEBUG] headers:265 - << Transfer-Encoding: chunked
2019-05-25 14:03:08,300 [DEBUG] headers:265 - << Connection: keep-alive
2019-05-25 14:03:08,300 [DEBUG] headers:265 - << Vary: Accept-Encoding
2019-05-25 14:03:08,300 [DEBUG] headers:265 - << Last-Modified: Wed, 20 Mar 2019 10:26:30 GMT
2019-05-25 14:03:08,300 [DEBUG] headers:265 - << ETag: W/"8e-584840e0f8180"
2019-05-25 14:03:08,300 [DEBUG] headers:265 - << X-NodeID: download1
2019-05-25 14:03:08,300 [DEBUG] headers:265 - << Strict-Transport-Security: max-age=15552000; includeSubDomains; preload
2019-05-25 14:03:08,300 [DEBUG] headers:265 - << X-Frame-Options: SAMEORIGIN
2019-05-25 14:03:08,300 [DEBUG] headers:265 - << X-Content-Type-Options: nosniff
2019-05-25 14:03:08,300 [DEBUG] headers:265 - << X-XSS-Protection: 1; mode=block
2019-05-25 14:03:08,300 [DEBUG] headers:265 - << X-Proxy-Cache: HIT
2019-05-25 14:03:08,301 [DEBUG] headers:265 - << Content-Encoding: gzip
2019-05-25 14:03:08,301 [DEBUG] SNIAwareHttpClient:509 - Connection can be kept alive indefinitely
2019-05-25 14:03:08,302 [DEBUG] wire:73 -  << "63[\r][\n]"
2019-05-25 14:03:08,302 [DEBUG] wire:87 -  << "[0x1f]"
2019-05-25 14:03:08,302 [DEBUG] wire:87 -  << "[0x8b]"
2019-05-25 14:03:08,302 [DEBUG] wire:87 -  << "[0x8]"
2019-05-25 14:03:08,302 [DEBUG] wire:87 -  << "[0x0]"
2019-05-25 14:03:08,302 [DEBUG] wire:87 -  << "[0x0][0x0][0x0][0x0][0x0][0x3]"
2019-05-25 14:03:08,302 [DEBUG] wire:73 -  << "+K-*[0xce][0xcc][0xcf][0xb3]5[0xe4][0xca]M-ILI,I[0xd4]+J-[0xc8]/[0xce],[0xc9]/[0xaa][0xd4]KKL[0x6][0xd3][0xf9]E)[0xa9]E[0xb6][\n]"
2019-05-25 14:03:08,302 [DEBUG] wire:87 -  << "[0xc9][0xf9]y%[0xa9]y%z[0x15][0xb9]9z[0x15]U:H\[0x1d]E[0xae][0xc4][0xa2][0x92]L[0x90]z<[0xfa]aJ[0x8a]a&[0xa0][0x8][0x0][0xcd][0x0][0x0][0x94][0x5]R[0xac][0x8e][0x0][0x0][0x0]"
2019-05-25 14:03:08,303 [DEBUG] wire:73 -  << "[\r][\n]"
2019-05-25 14:03:08,303 [DEBUG] wire:73 -  << "0[\r][\n]"
2019-05-25 14:03:08,303 [DEBUG] wire:73 -  << "[\r][\n]"
2019-05-25 14:03:08,303 [DEBUG] SingleClientConnManager:265 - Releasing connection org.apache.http.impl.conn.SingleClientConnManager$ConnAdapter@6f45a479
2019-05-25 14:03:08,405 [DEBUG] BasicClientConnectionManager:161 - Get connection for route {s}->https://download.eclipse.org:443
2019-05-25 14:03:08,405 [DEBUG] DefaultClientConnectionOperator:177 - Connecting to download.eclipse.org:443
2019-05-25 14:03:08,833 [DEBUG] RequestAddCookies:123 - CookieSpec selected: default
2019-05-25 14:03:08,834 [DEBUG] RequestAuthCache:77 - Auth cache not set in the context
2019-05-25 14:03:08,834 [DEBUG] RequestTargetAuthentication:80 - Target auth state: UNCHALLENGED
2019-05-25 14:03:08,834 [DEBUG] RequestProxyAuthentication:89 - Proxy auth state: UNCHALLENGED
2019-05-25 14:03:08,834 [DEBUG] SNIAwareHttpClient:682 - Attempt 1 to execute request
2019-05-25 14:03:08,834 [DEBUG] DefaultClientConnection:274 - Sending request: HEAD /technology/epp/packages/2019-03/content.xml.xz HTTP/1.1
2019-05-25 14:03:08,834 [DEBUG] wire:73 -  >> "HEAD /technology/epp/packages/2019-03/content.xml.xz HTTP/1.1[\r][\n]"
2019-05-25 14:03:08,834 [DEBUG] wire:73 -  >> "Cache-Control: max-age=0[\r][\n]"
2019-05-25 14:03:08,834 [DEBUG] wire:73 -  >> "Host: download.eclipse.org[\r][\n]"
2019-05-25 14:03:08,834 [DEBUG] wire:73 -  >> "Connection: Keep-Alive[\r][\n]"
2019-05-25 14:03:08,834 [DEBUG] wire:73 -  >> "User-Agent: Apache-HttpClient/4.5.5 (Java/1.8.0_202)[\r][\n]"
2019-05-25 14:03:08,835 [DEBUG] wire:73 -  >> "[\r][\n]"
2019-05-25 14:03:08,835 [DEBUG] headers:278 - >> HEAD /technology/epp/packages/2019-03/content.xml.xz HTTP/1.1
2019-05-25 14:03:08,835 [DEBUG] headers:281 - >> Cache-Control: max-age=0
2019-05-25 14:03:08,835 [DEBUG] headers:281 - >> Host: download.eclipse.org
2019-05-25 14:03:08,835 [DEBUG] headers:281 - >> Connection: Keep-Alive
2019-05-25 14:03:08,835 [DEBUG] headers:281 - >> User-Agent: Apache-HttpClient/4.5.5 (Java/1.8.0_202)
2019-05-25 14:03:08,929 [DEBUG] wire:73 -  << "HTTP/1.1 200 OK[\r][\n]"
2019-05-25 14:03:08,929 [DEBUG] wire:73 -  << "Server: nginx[\r][\n]"
2019-05-25 14:03:08,929 [DEBUG] wire:73 -  << "Date: Sat, 25 May 2019 21:03:03 GMT[\r][\n]"
2019-05-25 14:03:08,929 [DEBUG] wire:73 -  << "Content-Type: text/xml[\r][\n]"
2019-05-25 14:03:08,929 [DEBUG] wire:73 -  << "Content-Length: 25388[\r][\n]"
2019-05-25 14:03:08,929 [DEBUG] wire:73 -  << "Connection: keep-alive[\r][\n]"
2019-05-25 14:03:08,929 [DEBUG] wire:73 -  << "Vary: Accept-Encoding[\r][\n]"
2019-05-25 14:03:08,929 [DEBUG] wire:73 -  << "Last-Modified: Thu, 14 Mar 2019 15:05:04 GMT[\r][\n]"
2019-05-25 14:03:08,930 [DEBUG] wire:73 -  << "ETag: "632c-5840f3f3ea800"[\r][\n]"
2019-05-25 14:03:08,930 [DEBUG] wire:73 -  << "X-NodeID: download1[\r][\n]"
2019-05-25 14:03:08,930 [DEBUG] wire:73 -  << "Strict-Transport-Security: max-age=15552000; includeSubDomains; preload[\r][\n]"
2019-05-25 14:03:08,930 [DEBUG] wire:73 -  << "X-Frame-Options: SAMEORIGIN[\r][\n]"
2019-05-25 14:03:08,930 [DEBUG] wire:73 -  << "X-Content-Type-Options: nosniff[\r][\n]"
2019-05-25 14:03:08,930 [DEBUG] wire:73 -  << "X-XSS-Protection: 1; mode=block[\r][\n]"
2019-05-25 14:03:08,930 [DEBUG] wire:73 -  << "X-Proxy-Cache: HIT[\r][\n]"
2019-05-25 14:03:08,930 [DEBUG] wire:73 -  << "Accept-Ranges: bytes[\r][\n]"
2019-05-25 14:03:08,930 [DEBUG] wire:73 -  << "[\r][\n]"
2019-05-25 14:03:08,930 [DEBUG] DefaultClientConnection:259 - Receiving response: HTTP/1.1 200 OK
2019-05-25 14:03:08,930 [DEBUG] headers:262 - << HTTP/1.1 200 OK
2019-05-25 14:03:08,930 [DEBUG] headers:265 - << Server: nginx
2019-05-25 14:03:08,931 [DEBUG] headers:265 - << Date: Sat, 25 May 2019 21:03:03 GMT
2019-05-25 14:03:08,931 [DEBUG] headers:265 - << Content-Type: text/xml
2019-05-25 14:03:08,931 [DEBUG] headers:265 - << Content-Length: 25388
2019-05-25 14:03:08,931 [DEBUG] headers:265 - << Connection: keep-alive
2019-05-25 14:03:08,931 [DEBUG] headers:265 - << Vary: Accept-Encoding
2019-05-25 14:03:08,931 [DEBUG] headers:265 - << Last-Modified: Thu, 14 Mar 2019 15:05:04 GMT
2019-05-25 14:03:08,931 [DEBUG] headers:265 - << ETag: "632c-5840f3f3ea800"
2019-05-25 14:03:08,931 [DEBUG] headers:265 - << X-NodeID: download1
2019-05-25 14:03:08,931 [DEBUG] headers:265 - << Strict-Transport-Security: max-age=15552000; includeSubDomains; preload
2019-05-25 14:03:08,931 [DEBUG] headers:265 - << X-Frame-Options: SAMEORIGIN
2019-05-25 14:03:08,931 [DEBUG] headers:265 - << X-Content-Type-Options: nosniff
2019-05-25 14:03:08,931 [DEBUG] headers:265 - << X-XSS-Protection: 1; mode=block
2019-05-25 14:03:08,931 [DEBUG] headers:265 - << X-Proxy-Cache: HIT
2019-05-25 14:03:08,931 [DEBUG] headers:265 - << Accept-Ranges: bytes
2019-05-25 14:03:08,931 [DEBUG] SNIAwareHttpClient:509 - Connection can be kept alive indefinitely
2019-05-25 14:03:08,932 [DEBUG] BasicClientConnectionManager:200 - Releasing connection org.apache.http.impl.conn.ManagedClientConnectionImpl@786cff64
2019-05-25 14:03:08,932 [DEBUG] BasicClientConnectionManager:225 - Connection can be kept alive indefinitely
2019-05-25 14:03:08,968 [DEBUG] SingleClientConnManager:210 - Get connection for route {s}->https://download.eclipse.org:443
2019-05-25 14:03:08,968 [DEBUG] DefaultClientConnectionOperator:177 - Connecting to download.eclipse.org:443
2019-05-25 14:03:09,049 [DEBUG] RequestAddCookies:123 - CookieSpec selected: default
2019-05-25 14:03:09,049 [DEBUG] RequestAuthCache:77 - Auth cache not set in the context
2019-05-25 14:03:09,049 [DEBUG] RequestTargetAuthentication:80 - Target auth state: UNCHALLENGED
2019-05-25 14:03:09,049 [DEBUG] RequestProxyAuthentication:89 - Proxy auth state: UNCHALLENGED
2019-05-25 14:03:09,049 [DEBUG] SNIAwareHttpClient:682 - Attempt 1 to execute request
2019-05-25 14:03:09,050 [DEBUG] DefaultClientConnection:274 - Sending request: GET /releases/2019-03/201903201000/p2.index HTTP/1.1
2019-05-25 14:03:09,050 [DEBUG] wire:73 -  >> "GET /releases/2019-03/201903201000/p2.index HTTP/1.1[\r][\n]"
2019-05-25 14:03:09,050 [DEBUG] wire:73 -  >> "Cache-Control: max-age=0[\r][\n]"
2019-05-25 14:03:09,050 [DEBUG] wire:73 -  >> "User-Agent: p2/1.2.100.v20180822-1354 (Java 1.8.0_202-b08 AdoptOpenJdk; Windows10 10.0.0 x86-64; en_US) com.st.stm32cube.ide.mcu.rcp.product/unknownBuildId (org.eclipse.ui.ide.workbench)[\r][\n]"
2019-05-25 14:03:09,050 [DEBUG] wire:73 -  >> "Host: download.eclipse.org[\r][\n]"
2019-05-25 14:03:09,050 [DEBUG] wire:73 -  >> "Connection: Keep-Alive[\r][\n]"
2019-05-25 14:03:09,050 [DEBUG] wire:73 -  >> "Accept-Encoding: gzip,deflate[\r][\n]"
2019-05-25 14:03:09,050 [DEBUG] wire:73 -  >> "[\r][\n]"
2019-05-25 14:03:09,050 [DEBUG] headers:278 - >> GET /releases/2019-03/201903201000/p2.index HTTP/1.1
2019-05-25 14:03:09,050 [DEBUG] headers:281 - >> Cache-Control: max-age=0
2019-05-25 14:03:09,050 [DEBUG] headers:281 - >> User-Agent: p2/1.2.100.v20180822-1354 (Java 1.8.0_202-b08 AdoptOpenJdk; Windows10 10.0.0 x86-64; en_US) com.st.stm32cube.ide.mcu.rcp.product/unknownBuildId (org.eclipse.ui.ide.workbench)
2019-05-25 14:03:09,051 [DEBUG] headers:281 - >> Host: download.eclipse.org
2019-05-25 14:03:09,051 [DEBUG] headers:281 - >> Connection: Keep-Alive
2019-05-25 14:03:09,051 [DEBUG] headers:281 - >> Accept-Encoding: gzip,deflate
2019-05-25 14:03:09,310 [DEBUG] wire:73 -  << "HTTP/1.1 200 OK[\r][\n]"
2019-05-25 14:03:09,310 [DEBUG] wire:73 -  << "Server: nginx[\r][\n]"
2019-05-25 14:03:09,310 [DEBUG] wire:73 -  << "Date: Sat, 25 May 2019 21:03:03 GMT[\r][\n]"
2019-05-25 14:03:09,310 [DEBUG] wire:73 -  << "Content-Type: text/plain[\r][\n]"
2019-05-25 14:03:09,310 [DEBUG] wire:73 -  << "Transfer-Encoding: chunked[\r][\n]"
2019-05-25 14:03:09,310 [DEBUG] wire:73 -  << "Connection: keep-alive[\r][\n]"
2019-05-25 14:03:09,310 [DEBUG] wire:73 -  << "Vary: Accept-Encoding[\r][\n]"
2019-05-25 14:03:09,310 [DEBUG] wire:73 -  << "Last-Modified: Thu, 14 Mar 2019 12:58:33 GMT[\r][\n]"
2019-05-25 14:03:09,311 [DEBUG] wire:73 -  << "ETag: W/"8e-5840d7acd9f07"[\r][\n]"
2019-05-25 14:03:09,311 [DEBUG] wire:73 -  << "X-NodeID: download2[\r][\n]"
2019-05-25 14:03:09,311 [DEBUG] wire:73 -  << "Strict-Transport-Security: max-age=15552000; includeSubDomains; preload[\r][\n]"
2019-05-25 14:03:09,311 [DEBUG] wire:73 -  << "X-Frame-Options: SAMEORIGIN[\r][\n]"
2019-05-25 14:03:09,311 [DEBUG] wire:73 -  << "X-Content-Type-Options: nosniff[\r][\n]"
2019-05-25 14:03:09,311 [DEBUG] wire:73 -  << "X-XSS-Protection: 1; mode=block[\r][\n]"
2019-05-25 14:03:09,311 [DEBUG] wire:73 -  << "X-Proxy-Cache: HIT[\r][\n]"
2019-05-25 14:03:09,311 [DEBUG] wire:73 -  << "Content-Encoding: gzip[\r][\n]"
2019-05-25 14:03:09,311 [DEBUG] wire:73 -  << "[\r][\n]"
2019-05-25 14:03:09,311 [DEBUG] DefaultClientConnection:259 - Receiving response: HTTP/1.1 200 OK
2019-05-25 14:03:09,311 [DEBUG] headers:262 - << HTTP/1.1 200 OK
2019-05-25 14:03:09,311 [DEBUG] headers:265 - << Server: nginx
2019-05-25 14:03:09,311 [DEBUG] headers:265 - << Date: Sat, 25 May 2019 21:03:03 GMT
2019-05-25 14:03:09,312 [DEBUG] headers:265 - << Content-Type: text/plain
2019-05-25 14:03:09,312 [DEBUG] headers:265 - << Transfer-Encoding: chunked
2019-05-25 14:03:09,312 [DEBUG] headers:265 - << Connection: keep-alive
2019-05-25 14:03:09,312 [DEBUG] headers:265 - << Vary: Accept-Encoding
2019-05-25 14:03:09,312 [DEBUG] headers:265 - << Last-Modified: Thu, 14 Mar 2019 12:58:33 GMT
2019-05-25 14:03:09,312 [DEBUG] headers:265 - << ETag: W/"8e-5840d7acd9f07"
2019-05-25 14:03:09,312 [DEBUG] headers:265 - << X-NodeID: download2
2019-05-25 14:03:09,312 [DEBUG] headers:265 - << Strict-Transport-Security: max-age=15552000; includeSubDomains; preload
2019-05-25 14:03:09,312 [DEBUG] headers:265 - << X-Frame-Options: SAMEORIGIN
2019-05-25 14:03:09,312 [DEBUG] headers:265 - << X-Content-Type-Options: nosniff
2019-05-25 14:03:09,312 [DEBUG] headers:265 - << X-XSS-Protection: 1; mode=block
2019-05-25 14:03:09,312 [DEBUG] headers:265 - << X-Proxy-Cache: HIT
2019-05-25 14:03:09,312 [DEBUG] headers:265 - << Content-Encoding: gzip
2019-05-25 14:03:09,312 [DEBUG] SNIAwareHttpClient:509 - Connection can be kept alive indefinitely
2019-05-25 14:03:09,313 [DEBUG] wire:73 -  << "63[\r][\n]"
2019-05-25 14:03:09,313 [DEBUG] wire:87 -  << "[0x1f]"
2019-05-25 14:03:09,314 [DEBUG] wire:87 -  << "[0x8b]"
2019-05-25 14:03:09,314 [DEBUG] wire:87 -  << "[0x8]"
2019-05-25 14:03:09,314 [DEBUG] wire:87 -  << "[0x0]"
2019-05-25 14:03:09,314 [DEBUG] wire:87 -  << "[0x0][0x0][0x0][0x0][0x0][0x3]"
2019-05-25 14:03:09,314 [DEBUG] wire:73 -  << "+K-*[0xce][0xcc][0xcf][0xb3]5[0xe4][0xca]M-ILI,I[0xd4]+J-[0xc8]/[0xce],[0xc9]/[0xaa][0xd4]KKL[0x6][0xd3][0xf9]E)[0xa9]E[0xb6][\n]"
2019-05-25 14:03:09,314 [DEBUG] wire:87 -  << "[0xc9][0xf9]y%[0xa9]y%z[0x15][0xb9]9z[0x15]U:H\[0x1d]E[0xae][0xc4][0xa2][0x92]L[0x90]z<[0xfa]aJ[0x8a]a&[0xa0][0x8][0x0][0xcd][0x0][0x0][0x94][0x5]R[0xac][0x8e][0x0][0x0][0x0]"
2019-05-25 14:03:09,314 [DEBUG] wire:73 -  << "[\r][\n]"
2019-05-25 14:03:09,314 [DEBUG] wire:73 -  << "0[\r][\n]"
2019-05-25 14:03:09,314 [DEBUG] wire:73 -  << "[\r][\n]"
2019-05-25 14:03:09,315 [DEBUG] SingleClientConnManager:265 - Releasing connection org.apache.http.impl.conn.SingleClientConnManager$ConnAdapter@c18e8f1
2019-05-25 14:03:09,415 [DEBUG] BasicClientConnectionManager:161 - Get connection for route {s}->https://download.eclipse.org:443
2019-05-25 14:03:09,416 [DEBUG] DefaultClientConnectionOperator:177 - Connecting to download.eclipse.org:443
2019-05-25 14:03:09,792 [DEBUG] RequestAddCookies:123 - CookieSpec selected: default
2019-05-25 14:03:09,792 [DEBUG] RequestAuthCache:77 - Auth cache not set in the context
2019-05-25 14:03:09,792 [DEBUG] RequestTargetAuthentication:80 - Target auth state: UNCHALLENGED
2019-05-25 14:03:09,792 [DEBUG] RequestProxyAuthentication:89 - Proxy auth state: UNCHALLENGED
2019-05-25 14:03:09,792 [DEBUG] SNIAwareHttpClient:682 - Attempt 1 to execute request
2019-05-25 14:03:09,792 [DEBUG] DefaultClientConnection:274 - Sending request: HEAD /releases/2019-03/201903201000/content.xml.xz HTTP/1.1
2019-05-25 14:03:09,792 [DEBUG] wire:73 -  >> "HEAD /releases/2019-03/201903201000/content.xml.xz HTTP/1.1[\r][\n]"
2019-05-25 14:03:09,792 [DEBUG] wire:73 -  >> "Cache-Control: max-age=0[\r][\n]"
2019-05-25 14:03:09,792 [DEBUG] wire:73 -  >> "Host: download.eclipse.org[\r][\n]"
2019-05-25 14:03:09,793 [DEBUG] wire:73 -  >> "Connection: Keep-Alive[\r][\n]"
2019-05-25 14:03:09,793 [DEBUG] wire:73 -  >> "User-Agent: Apache-HttpClient/4.5.5 (Java/1.8.0_202)[\r][\n]"
2019-05-25 14:03:09,793 [DEBUG] wire:73 -  >> "[\r][\n]"
2019-05-25 14:03:09,793 [DEBUG] headers:278 - >> HEAD /releases/2019-03/201903201000/content.xml.xz HTTP/1.1
2019-05-25 14:03:09,793 [DEBUG] headers:281 - >> Cache-Control: max-age=0
2019-05-25 14:03:09,793 [DEBUG] headers:281 - >> Host: download.eclipse.org
2019-05-25 14:03:09,793 [DEBUG] headers:281 - >> Connection: Keep-Alive
2019-05-25 14:03:09,793 [DEBUG] headers:281 - >> User-Agent: Apache-HttpClient/4.5.5 (Java/1.8.0_202)
2019-05-25 14:03:09,873 [DEBUG] wire:73 -  << "HTTP/1.1 200 OK[\r][\n]"
2019-05-25 14:03:09,873 [DEBUG] wire:73 -  << "Server: nginx[\r][\n]"
2019-05-25 14:03:09,873 [DEBUG] wire:73 -  << "Date: Sat, 25 May 2019 21:03:04 GMT[\r][\n]"
2019-05-25 14:03:09,874 [DEBUG] wire:73 -  << "Content-Type: text/xml[\r][\n]"
2019-05-25 14:03:09,874 [DEBUG] wire:73 -  << "Content-Length: 1016284[\r][\n]"
2019-05-25 14:03:09,874 [DEBUG] wire:73 -  << "Connection: keep-alive[\r][\n]"
2019-05-25 14:03:09,874 [DEBUG] wire:73 -  << "Vary: Accept-Encoding[\r][\n]"
2019-05-25 14:03:09,874 [DEBUG] wire:73 -  << "Last-Modified: Thu, 21 Mar 2019 10:13:51 GMT[\r][\n]"
2019-05-25 14:03:09,874 [DEBUG] wire:73 -  << "ETag: "f81dc-58497feaec139"[\r][\n]"
2019-05-25 14:03:09,874 [DEBUG] wire:73 -  << "X-NodeID: download1[\r][\n]"
2019-05-25 14:03:09,874 [DEBUG] wire:73 -  << "Strict-Transport-Security: max-age=15552000; includeSubDomains; preload[\r][\n]"
2019-05-25 14:03:09,874 [DEBUG] wire:73 -  << "X-Frame-Options: SAMEORIGIN[\r][\n]"
2019-05-25 14:03:09,874 [DEBUG] wire:73 -  << "X-Content-Type-Options: nosniff[\r][\n]"
2019-05-25 14:03:09,874 [DEBUG] wire:73 -  << "X-XSS-Protection: 1; mode=block[\r][\n]"
2019-05-25 14:03:09,874 [DEBUG] wire:73 -  << "X-Proxy-Cache: HIT[\r][\n]"
2019-05-25 14:03:09,874 [DEBUG] wire:73 -  << "Accept-Ranges: bytes[\r][\n]"
2019-05-25 14:03:09,875 [DEBUG] wire:73 -  << "[\r][\n]"
2019-05-25 14:03:09,875 [DEBUG] DefaultClientConnection:259 - Receiving response: HTTP/1.1 200 OK
2019-05-25 14:03:09,875 [DEBUG] headers:262 - << HTTP/1.1 200 OK
2019-05-25 14:03:09,875 [DEBUG] headers:265 - << Server: nginx
2019-05-25 14:03:09,875 [DEBUG] headers:265 - << Date: Sat, 25 May 2019 21:03:04 GMT
2019-05-25 14:03:09,875 [DEBUG] headers:265 - << Content-Type: text/xml
2019-05-25 14:03:09,875 [DEBUG] headers:265 - << Content-Length: 1016284
2019-05-25 14:03:09,875 [DEBUG] headers:265 - << Connection: keep-alive
2019-05-25 14:03:09,875 [DEBUG] headers:265 - << Vary: Accept-Encoding
2019-05-25 14:03:09,875 [DEBUG] headers:265 - << Last-Modified: Thu, 21 Mar 2019 10:13:51 GMT
2019-05-25 14:03:09,875 [DEBUG] headers:265 - << ETag: "f81dc-58497feaec139"
2019-05-25 14:03:09,875 [DEBUG] headers:265 - << X-NodeID: download1
2019-05-25 14:03:09,875 [DEBUG] headers:265 - << Strict-Transport-Security: max-age=15552000; includeSubDomains; preload
2019-05-25 14:03:09,875 [DEBUG] headers:265 - << X-Frame-Options: SAMEORIGIN
2019-05-25 14:03:09,875 [DEBUG] headers:265 - << X-Content-Type-Options: nosniff
2019-05-25 14:03:09,876 [DEBUG] headers:265 - << X-XSS-Protection: 1; mode=block
2019-05-25 14:03:09,876 [DEBUG] headers:265 - << X-Proxy-Cache: HIT
2019-05-25 14:03:09,876 [DEBUG] headers:265 - << Accept-Ranges: bytes
2019-05-25 14:03:09,876 [DEBUG] SNIAwareHttpClient:509 - Connection can be kept alive indefinitely
2019-05-25 14:03:09,876 [DEBUG] BasicClientConnectionManager:200 - Releasing connection org.apache.http.impl.conn.ManagedClientConnectionImpl@27fe5a31
2019-05-25 14:03:09,876 [DEBUG] BasicClientConnectionManager:225 - Connection can be kept alive indefinitely
2019-05-25 14:03:10,123 [DEBUG] DefaultClientConnection:180 - Connection 0.0.0.0:53992<->198.41.30.199:443 closed
2019-05-25 14:03:10,123 [DEBUG] DefaultClientConnection:164 - Connection 0.0.0.0:53990<->198.41.30.199:443 shut down
2019-05-25 14:03:10,124 [DEBUG] DefaultClientConnection:180 - Connection 0.0.0.0:53989<->198.41.30.199:443 closed
2019-05-25 14:03:10,125 [DEBUG] DefaultClientConnection:164 - Connection 0.0.0.0:53988<->198.41.30.199:443 shut down
2019-05-25 14:03:10,125 [DEBUG] DefaultClientConnection:180 - Connection 0.0.0.0:53987<->198.41.30.199:443 closed
2019-05-25 14:03:10,125 [DEBUG] DefaultClientConnection:180 - Connection 0.0.0.0:53985<->174.35.12.71:80 closed
2019-05-25 14:03:10,125 [DEBUG] DefaultClientConnection:164 - Connection 0.0.0.0:53986<->198.41.30.199:443 shut down
